  [1m[35m (0.1ms)[0m  [1m[34mSELECT sqlite_version(*)[0m
  ↳ /Users/monica/.rbenv/versions/2.3.3/bin/rake:22
  [1m[35m (1.4ms)[0m  [1m[35mCREATE TABLE "schema_migrations" ("version" varchar NOT NULL PRIMARY KEY)[0m
  ↳ /Users/monica/.rbenv/versions/2.3.3/bin/rake:22
  [1m[35m (1.9ms)[0m  [1m[35mCREATE TABLE "ar_internal_metadata" ("key" varchar NOT NULL PRIMARY KEY, "value" varchar, "created_at" datetime NOT NULL, "updated_at" datetime NOT NULL)[0m
  ↳ /Users/monica/.rbenv/versions/2.3.3/bin/rake:22
  [1m[35m (0.2ms)[0m  [1m[34mSELECT "schema_migrations"."version" FROM "schema_migrations" ORDER BY "schema_migrations"."version" ASC[0m
  ↳ /Users/monica/.rbenv/versions/2.3.3/bin/rake:22
Migrating to CreateUsers (20180709235642)
  [1m[35m (0.1ms)[0m  [1m[36mbegin transaction[0m
  ↳ /Users/monica/.rbenv/versions/2.3.3/bin/rake:22
  [1m[35m (0.7ms)[0m  [1m[35mCREATE TABLE "users" ("id" integer PRIMARY KEY AUTOINCREMENT NOT NULL, "name" varchar, "email" varchar, "password_digest" varchar, "num_of_kids" integer)[0m
  ↳ db/migrate/20180709235642_create_users.rb:3
  [1m[36mActiveRecord::SchemaMigration Create (0.3ms)[0m  [1m[32mINSERT INTO "schema_migrations" ("version") VALUES (?)[0m  [["version", "20180709235642"]]
  ↳ /Users/monica/.rbenv/versions/2.3.3/bin/rake:22
  [1m[35m (2.0ms)[0m  [1m[36mcommit transaction[0m
  ↳ /Users/monica/.rbenv/versions/2.3.3/bin/rake:22
Migrating to CreateSitters (20180709235712)
  [1m[35m (0.1ms)[0m  [1m[36mbegin transaction[0m
  ↳ /Users/monica/.rbenv/versions/2.3.3/bin/rake:22
  [1m[35m (0.4ms)[0m  [1m[35mCREATE TABLE "sitters" ("id" integer PRIMARY KEY AUTOINCREMENT NOT NULL, "name" varchar, "email" varchar, "password_digest" varchar, "hourly_rate" integer)[0m
  ↳ db/migrate/20180709235712_create_sitters.rb:3
  [1m[36mActiveRecord::SchemaMigration Create (0.2ms)[0m  [1m[32mINSERT INTO "schema_migrations" ("version") VALUES (?)[0m  [["version", "20180709235712"]]
  ↳ /Users/monica/.rbenv/versions/2.3.3/bin/rake:22
  [1m[35m (0.9ms)[0m  [1m[36mcommit transaction[0m
  ↳ /Users/monica/.rbenv/versions/2.3.3/bin/rake:22
Migrating to CreateJobs (20180709235735)
  [1m[35m (0.1ms)[0m  [1m[36mbegin transaction[0m
  ↳ /Users/monica/.rbenv/versions/2.3.3/bin/rake:22
  [1m[35m (0.4ms)[0m  [1m[35mCREATE TABLE "jobs" ("id" integer PRIMARY KEY AUTOINCREMENT NOT NULL, "address" varchar, "user_phone" varchar, "sitter_phone" varchar, "start_date_time" datetime, "end_date_time" datetime, "user_id" integer, "sitter_id" integer)[0m
  ↳ db/migrate/20180709235735_create_jobs.rb:3
  [1m[36mActiveRecord::SchemaMigration Create (0.1ms)[0m  [1m[32mINSERT INTO "schema_migrations" ("version") VALUES (?)[0m  [["version", "20180709235735"]]
  ↳ /Users/monica/.rbenv/versions/2.3.3/bin/rake:22
  [1m[35m (0.8ms)[0m  [1m[36mcommit transaction[0m
  ↳ /Users/monica/.rbenv/versions/2.3.3/bin/rake:22
  [1m[36mActiveRecord::InternalMetadata Load (0.2ms)[0m  [1m[34mSELECT  "ar_internal_metadata".* FROM "ar_internal_metadata" WHERE "ar_internal_metadata"."key" = ? LIMIT ?[0m  [["key", "environment"], ["LIMIT", 1]]
  ↳ /Users/monica/.rbenv/versions/2.3.3/bin/rake:22
  [1m[35m (0.0ms)[0m  [1m[36mbegin transaction[0m
  ↳ /Users/monica/.rbenv/versions/2.3.3/bin/rake:22
  [1m[36mActiveRecord::InternalMetadata Create (0.4ms)[0m  [1m[32mINSERT INTO "ar_internal_metadata" ("key", "value", "created_at", "updated_at") VALUES (?, ?, ?, ?)[0m  [["key", "environment"], ["value", "development"], ["created_at", "2018-07-10 00:42:22.326691"], ["updated_at", "2018-07-10 00:42:22.326691"]]
  ↳ /Users/monica/.rbenv/versions/2.3.3/bin/rake:22
  [1m[35m (0.9ms)[0m  [1m[36mcommit transaction[0m
  ↳ /Users/monica/.rbenv/versions/2.3.3/bin/rake:22
  [1m[35m (0.1ms)[0m  [1m[34mSELECT "schema_migrations"."version" FROM "schema_migrations" ORDER BY "schema_migrations"."version" ASC[0m
  ↳ /Users/monica/.rbenv/versions/2.3.3/bin/rake:22
